<?xml version="1.0" encoding="UTF-8"?>
<coverage generated="1656943601424" clover="3.2.0">
  <project timestamp="1656943601424" name="All files">
    <metrics statements="13" coveredstatements="13" conditionals="19" coveredconditionals="19" methods="4" coveredmethods="4" elements="36" coveredelements="36" complexity="0" loc="13" ncloc="13" packages="1" files="1" classes="1"/>
    <file name="calc.js" path="/home/carlos.filho/Documentos/Projects/CTD/Modulo_04/Teste1/Aula 15/Calculadora_resposta/calc.js">
      <metrics statements="13" coveredstatements="13" conditionals="19" coveredconditionals="19" methods="4" coveredmethods="4"/>
      <line num="2" count="4" type="cond" truecount="4" falsecount="0"/>
      <line num="3" count="1" type="stmt"/>
      <line num="6" count="3" type="stmt"/>
      <line num="11" count="4" type="cond" truecount="4" falsecount="0"/>
      <line num="12" count="1" type="stmt"/>
      <line num="15" count="3" type="stmt"/>
      <line num="20" count="4" type="cond" truecount="4" falsecount="0"/>
      <line num="21" count="1" type="stmt"/>
      <line num="24" count="3" type="stmt"/>
      <line num="29" count="4" type="cond" truecount="7" falsecount="0"/>
      <line num="30" count="3" type="stmt"/>
      <line num="33" count="1" type="stmt"/>
      <line num="37" count="1" type="stmt"/>
    </file>
  </project>
</coverage>
