{"/home/carlos.filho/Documentos/Projects/CTD/Modulo_04/Teste1/Aula 15/Calculadora_resposta/calc.js": {"path":"/home/carlos.filho/Documentos/Projects/CTD/Modulo_04/Teste1/Aula 15/Calculadora_resposta/calc.js","statementMap":{"0":{"start":{"line":2,"column":4},"end":{"line":7,"column":5}},"1":{"start":{"line":3,"column":8},"end":{"line":3,"column":17}},"2":{"start":{"line":6,"column":8},"end":{"line":6,"column":19}},"3":{"start":{"line":11,"column":4},"end":{"line":16,"column":5}},"4":{"start":{"line":12,"column":8},"end":{"line":12,"column":17}},"5":{"start":{"line":15,"column":8},"end":{"line":15,"column":19}},"6":{"start":{"line":20,"column":4},"end":{"line":25,"column":5}},"7":{"start":{"line":21,"column":8},"end":{"line":21,"column":17}},"8":{"start":{"line":24,"column":8},"end":{"line":24,"column":19}},"9":{"start":{"line":29,"column":4},"end":{"line":34,"column":5}},"10":{"start":{"line":30,"column":8},"end":{"line":30,"column":17}},"11":{"start":{"line":33,"column":8},"end":{"line":33,"column":19}},"12":{"start":{"line":37,"column":0},"end":{"line":37,"column":59}}},"fnMap":{"0":{"name":"soma","decl":{"start":{"line":1,"column":9},"end":{"line":1,"column":13}},"loc":{"start":{"line":1,"column":18},"end":{"line":8,"column":1}},"line":1},"1":{"name":"subtracao","decl":{"start":{"line":10,"column":9},"end":{"line":10,"column":18}},"loc":{"start":{"line":10,"column":23},"end":{"line":17,"column":1}},"line":10},"2":{"name":"multiplicacao","decl":{"start":{"line":19,"column":9},"end":{"line":19,"column":22}},"loc":{"start":{"line":19,"column":27},"end":{"line":26,"column":1}},"line":19},"3":{"name":"divisao","decl":{"start":{"line":28,"column":9},"end":{"line":28,"column":16}},"loc":{"start":{"line":28,"column":21},"end":{"line":35,"column":1}},"line":28}},"branchMap":{"0":{"loc":{"start":{"line":2,"column":4},"end":{"line":7,"column":5}},"type":"if","locations":[{"start":{"line":2,"column":4},"end":{"line":7,"column":5}},{"start":{"line":5,"column":8},"end":{"line":7,"column":5}}],"line":2},"1":{"loc":{"start":{"line":2,"column":8},"end":{"line":2,"column":28}},"type":"binary-expr","locations":[{"start":{"line":2,"column":8},"end":{"line":2,"column":16}},{"start":{"line":2,"column":20},"end":{"line":2,"column":28}}],"line":2},"2":{"loc":{"start":{"line":11,"column":4},"end":{"line":16,"column":5}},"type":"if","locations":[{"start":{"line":11,"column":4},"end":{"line":16,"column":5}},{"start":{"line":14,"column":8},"end":{"line":16,"column":5}}],"line":11},"3":{"loc":{"start":{"line":11,"column":8},"end":{"line":11,"column":28}},"type":"binary-expr","locations":[{"start":{"line":11,"column":8},"end":{"line":11,"column":16}},{"start":{"line":11,"column":20},"end":{"line":11,"column":28}}],"line":11},"4":{"loc":{"start":{"line":20,"column":4},"end":{"line":25,"column":5}},"type":"if","locations":[{"start":{"line":20,"column":4},"end":{"line":25,"column":5}},{"start":{"line":23,"column":8},"end":{"line":25,"column":5}}],"line":20},"5":{"loc":{"start":{"line":20,"column":8},"end":{"line":20,"column":28}},"type":"binary-expr","locations":[{"start":{"line":20,"column":8},"end":{"line":20,"column":16}},{"start":{"line":20,"column":20},"end":{"line":20,"column":28}}],"line":20},"6":{"loc":{"start":{"line":29,"column":4},"end":{"line":34,"column":5}},"type":"if","locations":[{"start":{"line":29,"column":4},"end":{"line":34,"column":5}},{"start":{"line":32,"column":8},"end":{"line":34,"column":5}}],"line":29},"7":{"loc":{"start":{"line":29,"column":8},"end":{"line":29,"column":58}},"type":"binary-expr","locations":[{"start":{"line":29,"column":8},"end":{"line":29,"column":16}},{"start":{"line":29,"column":20},"end":{"line":29,"column":28}},{"start":{"line":29,"column":32},"end":{"line":29,"column":36}},{"start":{"line":29,"column":40},"end":{"line":29,"column":47}},{"start":{"line":29,"column":51},"end":{"line":29,"column":58}}],"line":29}},"s":{"0":4,"1":1,"2":3,"3":4,"4":1,"5":3,"6":4,"7":1,"8":3,"9":4,"10":3,"11":1,"12":1},"f":{"0":4,"1":4,"2":4,"3":4},"b":{"0":[1,3],"1":[4,3],"2":[1,3],"3":[4,3],"4":[1,3],"5":[4,3],"6":[3,1],"7":[4,3,3,2,1]},"_coverageSchema":"1a1c01bbd47fc00a2c39e90264f33305004495a9","hash":"ac79c08893b8d46340c67416109341442960cb11"}
}
