TN:
SF:calc.js
FN:1,soma
FN:10,subtracao
FN:19,multiplicacao
FN:28,divisao
FNF:4
FNH:4
FNDA:4,soma
FNDA:4,subtracao
FNDA:4,multiplicacao
FNDA:4,divisao
DA:2,4
DA:3,1
DA:6,3
DA:11,4
DA:12,1
DA:15,3
DA:20,4
DA:21,1
DA:24,3
DA:29,4
DA:30,3
DA:33,1
DA:37,1
LF:13
LH:13
BRDA:2,0,0,1
BRDA:2,0,1,3
BRDA:2,1,0,4
BRDA:2,1,1,3
BRDA:11,2,0,1
BRDA:11,2,1,3
BRDA:11,3,0,4
BRDA:11,3,1,3
BRDA:20,4,0,1
BRDA:20,4,1,3
BRDA:20,5,0,4
BRDA:20,5,1,3
BRDA:29,6,0,3
BRDA:29,6,1,1
BRDA:29,7,0,4
BRDA:29,7,1,3
BRDA:29,7,2,3
BRDA:29,7,3,2
BRDA:29,7,4,1
BRF:19
BRH:19
end_of_record
